# JRE version: Java(TM) SE Runtime Environment (8.0_92-b14) (build 1.8.0_92-b14)
# Java VM: Java HotSpot(TM) 64-Bit Server VM (25.92-b14 mixed mode windows-amd64 compressed oops)
Heap:
 PSYoungGen      total 225280K, used 81511K [0x00000000e0000000, 0x00000000f1d80000, 0x0000000100000000)
  eden space 193024K, 25% used [0x00000000e0000000,0x00000000e30210d0,0x00000000ebc80000)
  from space 32256K, 99% used [0x00000000ebc80000,0x00000000edbf8e58,0x00000000edc00000)
  to   space 41472K, 0% used [0x00000000ef500000,0x00000000ef500000,0x00000000f1d80000)
 ParOldGen       total 221184K, used 53903K [0x00000000a0000000, 0x00000000ad800000, 0x00000000e0000000)
  object space 221184K, 24% used [0x00000000a0000000,0x00000000a34a3d38,0x00000000ad800000)
 Metaspace       used 76848K, capacity 80552K, committed 80896K, reserved 1118208K
  class space    used 10265K, capacity 11155K, committed 11264K, reserved 1048576K
GC Heap History (10 events):
Event: 15.870 GC heap before
{Heap before GC invocations=16 (full 3):
 PSYoungGen      total 161792K, used 140800K [0x00000000e0000000, 0x00000000ec280000, 0x0000000100000000)
  eden space 140800K, 100% used [0x00000000e0000000,0x00000000e8980000,0x00000000e8980000)
  from space 20992K, 0% used [0x00000000ea180000,0x00000000ea180000,0x00000000eb600000)
  to   space 24576K, 0% used [0x00000000e8980000,0x00000000e8980000,0x00000000ea180000)
 ParOldGen       total 221184K, used 40891K [0x00000000a0000000, 0x00000000ad800000, 0x00000000e0000000)
  object space 221184K, 18% used [0x00000000a0000000,0x00000000a27eed30,0x00000000ad800000)
 Metaspace       used 59438K, capacity 61338K, committed 61568K, reserved 1101824K
  class space    used 8021K, capacity 8476K, committed 8576K, reserved 1048576K
Event: 15.877 GC heap after
Heap after GC invocations=16 (full 3):
 PSYoungGen      total 165376K, used 7269K [0x00000000e0000000, 0x00000000ed480000, 0x0000000100000000)
  eden space 140800K, 0% used [0x00000000e0000000,0x00000000e0000000,0x00000000e8980000)
  from space 24576K, 29% used [0x00000000e8980000,0x00000000e9099688,0x00000000ea180000)
  to   space 24064K, 0% used [0x00000000ebd00000,0x00000000ebd00000,0x00000000ed480000)
 ParOldGen       total 221184K, used 40899K [0x00000000a0000000, 0x00000000ad800000, 0x00000000e0000000)
  object space 221184K, 18% used [0x00000000a0000000,0x00000000a27f0d30,0x00000000ad800000)
 Metaspace       used 59438K, capacity 61338K, committed 61568K, reserved 1101824K
  class space    used 8021K, capacity 8476K, committed 8576K, reserved 1048576K
}
Event: 17.559 GC heap before
{Heap before GC invocations=17 (full 3):
 PSYoungGen      total 165376K, used 148069K [0x00000000e0000000, 0x00000000ed480000, 0x0000000100000000)
  eden space 140800K, 100% used [0x00000000e0000000,0x00000000e8980000,0x00000000e8980000)
  from space 24576K, 29% used [0x00000000e8980000,0x00000000e9099688,0x00000000ea180000)
  to   space 24064K, 0% used [0x00000000ebd00000,0x00000000ebd00000,0x00000000ed480000)
 ParOldGen       total 221184K, used 40899K [0x00000000a0000000, 0x00000000ad800000, 0x00000000e0000000)
  object space 221184K, 18% used [0x00000000a0000000,0x00000000a27f0d30,0x00000000ad800000)
 Metaspace       used 68571K, capacity 70762K, committed 70912K, reserved 1110016K
  class space    used 9161K, capacity 9662K, committed 9728K, reserved 1048576K
Event: 17.582 GC heap after
Heap after GC invocations=17 (full 3):
 PSYoungGen      total 193024K, used 16384K [0x00000000e0000000, 0x00000000ed500000, 0x0000000100000000)
  eden space 168960K, 0% used [0x00000000e0000000,0x00000000e0000000,0x00000000ea500000)
  from space 24064K, 68% used [0x00000000ebd00000,0x00000000ecd003b8,0x00000000ed480000)
  to   space 24576K, 0% used [0x00000000ea500000,0x00000000ea500000,0x00000000ebd00000)
 ParOldGen       total 221184K, used 40907K [0x00000000a0000000, 0x00000000ad800000, 0x00000000e0000000)
  object space 221184K, 18% used [0x00000000a0000000,0x00000000a27f2d30,0x00000000ad800000)
 Metaspace       used 68571K, capacity 70762K, committed 70912K, reserved 1110016K
  class space    used 9161K, capacity 9662K, committed 9728K, reserved 1048576K
}
Event: 23.218 GC heap before
{Heap before GC invocations=18 (full 3):
 PSYoungGen      total 193024K, used 185344K [0x00000000e0000000, 0x00000000ed500000, 0x0000000100000000)
  eden space 168960K, 100% used [0x00000000e0000000,0x00000000ea500000,0x00000000ea500000)
  from space 24064K, 68% used [0x00000000ebd00000,0x00000000ecd003b8,0x00000000ed480000)
  to   space 24576K, 0% used [0x00000000ea500000,0x00000000ea500000,0x00000000ebd00000)
 ParOldGen       total 221184K, used 40907K [0x00000000a0000000, 0x00000000ad800000, 0x00000000e0000000)
  object space 221184K, 18% used [0x00000000a0000000,0x00000000a27f2d30,0x00000000ad800000)
 Metaspace       used 74615K, capacity 77598K, committed 77824K, reserved 1116160K
  class space    used 9994K, capacity 10746K, committed 10752K, reserved 1048576K
Event: 23.235 GC heap after
Heap after GC invocations=18 (full 3):
 PSYoungGen      total 193536K, used 24287K [0x00000000e0000000, 0x00000000ef700000, 0x0000000100000000)
  eden space 168960K, 0% used [0x00000000e0000000,0x00000000e0000000,0x00000000ea500000)
  from space 24576K, 98% used [0x00000000ea500000,0x00000000ebcb7f08,0x00000000ebd00000)
  to   space 27648K, 0% used [0x00000000edc00000,0x00000000edc00000,0x00000000ef700000)
 ParOldGen       total 221184K, used 40915K [0x00000000a0000000, 0x00000000ad800000, 0x00000000e0000000)
  object space 221184K, 18% used [0x00000000a0000000,0x00000000a27f4d30,0x00000000ad800000)
 Metaspace       used 74615K, capacity 77598K, committed 77824K, reserved 1116160K
  class space    used 9994K, capacity 10746K, committed 10752K, reserved 1048576K
}
Event: 53.579 GC heap before
{Heap before GC invocations=19 (full 3):
 PSYoungGen      total 193536K, used 193247K [0x00000000e0000000, 0x00000000ef700000, 0x0000000100000000)
  eden space 168960K, 100% used [0x00000000e0000000,0x00000000ea500000,0x00000000ea500000)
  from space 24576K, 98% used [0x00000000ea500000,0x00000000ebcb7f08,0x00000000ebd00000)
  to   space 27648K, 0% used [0x00000000edc00000,0x00000000edc00000,0x00000000ef700000)
 ParOldGen       total 221184K, used 40915K [0x00000000a0000000, 0x00000000ad800000, 0x00000000e0000000)
  object space 221184K, 18% used [0x00000000a0000000,0x00000000a27f4d30,0x00000000ad800000)
 Metaspace       used 76353K, capacity 80022K, committed 80256K, reserved 1118208K
  class space    used 10237K, capacity 11090K, committed 11136K, reserved 1048576K
Event: 53.611 GC heap after
Heap after GC invocations=19 (full 3):
 PSYoungGen      total 220672K, used 27625K [0x00000000e0000000, 0x00000000efb80000, 0x0000000100000000)
  eden space 193024K, 0% used [0x00000000e0000000,0x00000000e0000000,0x00000000ebc80000)
  from space 27648K, 99% used [0x00000000edc00000,0x00000000ef6fa588,0x00000000ef700000)
  to   space 32256K, 0% used [0x00000000ebc80000,0x00000000ebc80000,0x00000000edc00000)
 ParOldGen       total 221184K, used 42152K [0x00000000a0000000, 0x00000000ad800000, 0x00000000e0000000)
  object space 221184K, 19% used [0x00000000a0000000,0x00000000a292a208,0x00000000ad800000)
 Metaspace       used 76353K, capacity 80022K, committed 80256K, reserved 1118208K
  class space    used 10237K, capacity 11090K, committed 11136K, reserved 1048576K
}
Event: 59.757 GC heap before
{Heap before GC invocations=20 (full 3):
 PSYoungGen      total 220672K, used 220649K [0x00000000e0000000, 0x00000000efb80000, 0x0000000100000000)
  eden space 193024K, 100% used [0x00000000e0000000,0x00000000ebc80000,0x00000000ebc80000)
  from space 27648K, 99% used [0x00000000edc00000,0x00000000ef6fa588,0x00000000ef700000)
  to   space 32256K, 0% used [0x00000000ebc80000,0x00000000ebc80000,0x00000000edc00000)
 ParOldGen       total 221184K, used 42152K [0x00000000a0000000, 0x00000000ad800000, 0x00000000e0000000)
  object space 221184K, 19% used [0x00000000a0000000,0x00000000a292a208,0x00000000ad800000)
 Metaspace       used 76739K, capacity 80422K, committed 80640K, reserved 1118208K
  class space    used 10258K, capacity 11144K, committed 11264K, reserved 1048576K
Event: 59.784 GC heap after
Heap after GC invocations=20 (full 3):
 PSYoungGen      total 225280K, used 32227K [0x00000000e0000000, 0x00000000f1d80000, 0x0000000100000000)
  eden space 193024K, 0% used [0x00000000e0000000,0x00000000e0000000,0x00000000ebc80000)
  from space 32256K, 99% used [0x00000000ebc80000,0x00000000edbf8e58,0x00000000edc00000)
  to   space 41472K, 0% used [0x00000000ef500000,0x00000000ef500000,0x00000000f1d80000)
 ParOldGen       total 221184K, used 53903K [0x00000000a0000000, 0x00000000ad800000, 0x00000000e0000000)
  object space 221184K, 24% used [0x00000000a0000000,0x00000000a34a3d38,0x00000000ad800000)
 Metaspace       used 76739K, capacity 80422K, committed 80640K, reserved 1118208K
  class space    used 10258K, capacity 11144K, committed 11264K, reserved 1048576K
}

