# JRE version: Java(TM) SE Runtime Environment (8.0_92-b14) (build 1.8.0_92-b14)
# Java VM: Java HotSpot(TM) 64-Bit Server VM (25.92-b14 mixed mode windows-amd64 compressed oops)
Heap:
 PSYoungGen      total 241152K, used 62272K [0x00000000e0000000, 0x00000000f1e80000, 0x0000000100000000)
  eden space 204288K, 12% used [0x00000000e0000000,0x00000000e18d5c98,0x00000000ec780000)
  from space 36864K, 99% used [0x00000000ecd00000,0x00000000ef0fa570,0x00000000ef100000)
  to   space 44544K, 0% used [0x00000000ef300000,0x00000000ef300000,0x00000000f1e80000)
 ParOldGen       total 235008K, used 66472K [0x00000000a0000000, 0x00000000ae580000, 0x00000000e0000000)
  object space 235008K, 28% used [0x00000000a0000000,0x00000000a40ea2e8,0x00000000ae580000)
 Metaspace       used 89753K, capacity 95836K, committed 96048K, reserved 1132544K
  class space    used 11838K, capacity 13259K, committed 13360K, reserved 1048576K
GC Heap History (10 events):
Event: 5733.716 GC heap before
{Heap before GC invocations=18 (full 3):
 PSYoungGen      total 256000K, used 243104K [0x00000000e0000000, 0x00000000f1d00000, 0x0000000100000000)
  eden space 234496K, 100% used [0x00000000e0000000,0x00000000ee500000,0x00000000ee500000)
  from space 21504K, 40% used [0x00000000f0800000,0x00000000f1068090,0x00000000f1d00000)
  to   space 28672K, 0% used [0x00000000ee500000,0x00000000ee500000,0x00000000f0100000)
 ParOldGen       total 235008K, used 53670K [0x00000000a0000000, 0x00000000ae580000, 0x00000000e0000000)
  object space 235008K, 22% used [0x00000000a0000000,0x00000000a3469938,0x00000000ae580000)
 Metaspace       used 63975K, capacity 67784K, committed 67888K, reserved 1107968K
  class space    used 8588K, capacity 9518K, committed 9520K, reserved 1048576K
Event: 5733.734 GC heap after
Heap after GC invocations=18 (full 3):
 PSYoungGen      total 242176K, used 14144K [0x00000000e0000000, 0x00000000f1480000, 0x0000000100000000)
  eden space 227840K, 0% used [0x00000000e0000000,0x00000000e0000000,0x00000000ede80000)
  from space 14336K, 98% used [0x00000000ee500000,0x00000000ef2d0070,0x00000000ef300000)
  to   space 27648K, 0% used [0x00000000ef980000,0x00000000ef980000,0x00000000f1480000)
 ParOldGen       total 235008K, used 53678K [0x00000000a0000000, 0x00000000ae580000, 0x00000000e0000000)
  object space 235008K, 22% used [0x00000000a0000000,0x00000000a346b938,0x00000000ae580000)
 Metaspace       used 63975K, capacity 67784K, committed 67888K, reserved 1107968K
  class space    used 8588K, capacity 9518K, committed 9520K, reserved 1048576K
}
Event: 8386.200 GC heap before
{Heap before GC invocations=19 (full 3):
 PSYoungGen      total 242176K, used 241984K [0x00000000e0000000, 0x00000000f1480000, 0x0000000100000000)
  eden space 227840K, 100% used [0x00000000e0000000,0x00000000ede80000,0x00000000ede80000)
  from space 14336K, 98% used [0x00000000ee500000,0x00000000ef2d0070,0x00000000ef300000)
  to   space 27648K, 0% used [0x00000000ef980000,0x00000000ef980000,0x00000000f1480000)
 ParOldGen       total 235008K, used 53678K [0x00000000a0000000, 0x00000000ae580000, 0x00000000e0000000)
  object space 235008K, 22% used [0x00000000a0000000,0x00000000a346b938,0x00000000ae580000)
 Metaspace       used 64430K, capacity 68638K, committed 68912K, reserved 1107968K
  class space    used 8653K, capacity 9683K, committed 9776K, reserved 1048576K
Event: 8386.226 GC heap after
Heap after GC invocations=19 (full 3):
 PSYoungGen      total 242176K, used 8624K [0x00000000e0000000, 0x00000000f0d80000, 0x0000000100000000)
  eden space 221696K, 0% used [0x00000000e0000000,0x00000000e0000000,0x00000000ed880000)
  from space 20480K, 42% used [0x00000000ef980000,0x00000000f01ec0d0,0x00000000f0d80000)
  to   space 27136K, 0% used [0x00000000ed880000,0x00000000ed880000,0x00000000ef300000)
 ParOldGen       total 235008K, used 53686K [0x00000000a0000000, 0x00000000ae580000, 0x00000000e0000000)
  object space 235008K, 22% used [0x00000000a0000000,0x00000000a346d938,0x00000000ae580000)
 Metaspace       used 64430K, capacity 68638K, committed 68912K, reserved 1107968K
  class space    used 8653K, capacity 9683K, committed 9776K, reserved 1048576K
}
Event: 8388.058 GC heap before
{Heap before GC invocations=20 (full 3):
 PSYoungGen      total 242176K, used 230320K [0x00000000e0000000, 0x00000000f0d80000, 0x0000000100000000)
  eden space 221696K, 100% used [0x00000000e0000000,0x00000000ed880000,0x00000000ed880000)
  from space 20480K, 42% used [0x00000000ef980000,0x00000000f01ec0d0,0x00000000f0d80000)
  to   space 27136K, 0% used [0x00000000ed880000,0x00000000ed880000,0x00000000ef300000)
 ParOldGen       total 235008K, used 53686K [0x00000000a0000000, 0x00000000ae580000, 0x00000000e0000000)
  object space 235008K, 22% used [0x00000000a0000000,0x00000000a346d938,0x00000000ae580000)
 Metaspace       used 73968K, capacity 78596K, committed 78896K, reserved 1118208K
  class space    used 9834K, capacity 11000K, committed 11056K, reserved 1048576K
Event: 8388.081 GC heap after
Heap after GC invocations=20 (full 3):
 PSYoungGen      total 242688K, used 26850K [0x00000000e0000000, 0x00000000f0e80000, 0x0000000100000000)
  eden space 215552K, 0% used [0x00000000e0000000,0x00000000e0000000,0x00000000ed280000)
  from space 27136K, 98% used [0x00000000ed880000,0x00000000ef2b8b18,0x00000000ef300000)
  to   space 28160K, 0% used [0x00000000ef300000,0x00000000ef300000,0x00000000f0e80000)
 ParOldGen       total 235008K, used 53694K [0x00000000a0000000, 0x00000000ae580000, 0x00000000e0000000)
  object space 235008K, 22% used [0x00000000a0000000,0x00000000a346f938,0x00000000ae580000)
 Metaspace       used 73968K, capacity 78596K, committed 78896K, reserved 1118208K
  class space    used 9834K, capacity 11000K, committed 11056K, reserved 1048576K
}
Event: 8390.538 GC heap before
{Heap before GC invocations=21 (full 3):
 PSYoungGen      total 242688K, used 242402K [0x00000000e0000000, 0x00000000f0e80000, 0x0000000100000000)
  eden space 215552K, 100% used [0x00000000e0000000,0x00000000ed280000,0x00000000ed280000)
  from space 27136K, 98% used [0x00000000ed880000,0x00000000ef2b8b18,0x00000000ef300000)
  to   space 28160K, 0% used [0x00000000ef300000,0x00000000ef300000,0x00000000f0e80000)
 ParOldGen       total 235008K, used 53694K [0x00000000a0000000, 0x00000000ae580000, 0x00000000e0000000)
  object space 235008K, 22% used [0x00000000a0000000,0x00000000a346f938,0x00000000ae580000)
 Metaspace       used 80700K, capacity 85800K, committed 86064K, reserved 1124352K
  class space    used 10821K, capacity 12057K, committed 12080K, reserved 1048576K
Event: 8390.572 GC heap after
Heap after GC invocations=21 (full 3):
 PSYoungGen      total 238080K, used 28156K [0x00000000e0000000, 0x00000000f1500000, 0x0000000100000000)
  eden space 209920K, 0% used [0x00000000e0000000,0x00000000e0000000,0x00000000ecd00000)
  from space 28160K, 99% used [0x00000000ef300000,0x00000000f0e7f1f8,0x00000000f0e80000)
  to   space 36864K, 0% used [0x00000000ecd00000,0x00000000ecd00000,0x00000000ef100000)
 ParOldGen       total 235008K, used 61568K [0x00000000a0000000, 0x00000000ae580000, 0x00000000e0000000)
  object space 235008K, 26% used [0x00000000a0000000,0x00000000a3c200d0,0x00000000ae580000)
 Metaspace       used 80700K, capacity 85800K, committed 86064K, reserved 1124352K
  class space    used 10821K, capacity 12057K, committed 12080K, reserved 1048576K
}
Event: 8403.105 GC heap before
{Heap before GC invocations=22 (full 3):
 PSYoungGen      total 238080K, used 238076K [0x00000000e0000000, 0x00000000f1500000, 0x0000000100000000)
  eden space 209920K, 100% used [0x00000000e0000000,0x00000000ecd00000,0x00000000ecd00000)
  from space 28160K, 99% used [0x00000000ef300000,0x00000000f0e7f1f8,0x00000000f0e80000)
  to   space 36864K, 0% used [0x00000000ecd00000,0x00000000ecd00000,0x00000000ef100000)
 ParOldGen       total 235008K, used 61568K [0x00000000a0000000, 0x00000000ae580000, 0x00000000e0000000)
  object space 235008K, 26% used [0x00000000a0000000,0x00000000a3c200d0,0x00000000ae580000)
 Metaspace       used 87594K, capacity 93646K, committed 94000K, reserved 1130496K
  class space    used 11607K, capacity 12998K, committed 13104K, reserved 1048576K
Event: 8403.130 GC heap after
Heap after GC invocations=22 (full 3):
 PSYoungGen      total 241152K, used 36841K [0x00000000e0000000, 0x00000000f1e80000, 0x0000000100000000)
  eden space 204288K, 0% used [0x00000000e0000000,0x00000000e0000000,0x00000000ec780000)
  from space 36864K, 99% used [0x00000000ecd00000,0x00000000ef0fa570,0x00000000ef100000)
  to   space 44544K, 0% used [0x00000000ef300000,0x00000000ef300000,0x00000000f1e80000)
 ParOldGen       total 235008K, used 66472K [0x00000000a0000000, 0x00000000ae580000, 0x00000000e0000000)
  object space 235008K, 28% used [0x00000000a0000000,0x00000000a40ea2e8,0x00000000ae580000)
 Metaspace       used 87594K, capacity 93646K, committed 94000K, reserved 1130496K
  class space    used 11607K, capacity 12998K, committed 13104K, reserved 1048576K
}

